0 4 1 5
0 4 2 3
0 4 6 7
0 4 8 9
0 4 10 11
0 4 12 13
0 4 14 15
0 4 16 17
0 4 18 19
0 4 20 21
0 4 22 23
0 4 24 25
0 4 26 27
0 4 28 29
0 4 30 31
0 4 32 33
0 4 34 35
0 4 36 37
0 4 38 39
0 4 40 41
0 4 42 43
0 4 44 45
0 4 46 47
0 4 48 49
0 4 50 51
1 5 0 4
1 5 2 3
1 5 6 7
1 5 8 9
1 5 10 11
1 5 12 13
1 5 14 15
1 5 16 17
1 5 18 19
1 5 20 21
1 5 22 23
1 5 24 25
1 5 26 27
1 5 28 29
1 5 30 31
1 5 32 33
1 5 34 35
1 5 36 37
1 5 38 39
1 5 40 41
1 5 42 43
1 5 44 45
1 5 46 47
1 5 48 49
1 5 50 51
2 3 0 4
2 3 1 5
2 3 6 7
2 3 8 9
2 3 10 11
2 3 12 13
2 3 14 15
2 3 16 17
2 3 18 19
2 3 20 21
2 3 22 23
2 3 24 25
2 3 26 27
2 3 28 29
2 3 30 31
2 3 32 33
2 3 34 35
2 3 36 37
2 3 38 39
2 3 40 41
2 3 42 43
2 3 44 45
2 3 46 47
2 3 48 49
2 3 50 51
6 7 0 4
6 7 1 5
6 7 2 3
6 7 8 9
6 7 10 11
6 7 12 13
6 7 14 15
6 7 16 17
6 7 18 19
6 7 20 21
6 7 22 23
6 7 24 25
6 7 26 27
6 7 28 29
6 7 30 31
6 7 32 33
6 7 34 35
6 7 36 37
6 7 38 39
6 7 40 41
6 7 42 43
6 7 44 45
6 7 46 47
6 7 48 49
6 7 50 51
8 9 0 4
8 9 1 5
8 9 2 3
8 9 6 7
8 9 10 11
8 9 12 13
8 9 14 15
8 9 16 17
8 9 18 19
8 9 20 21
8 9 22 23
8 9 24 25
8 9 26 27
8 9 28 29
8 9 30 31
8 9 32 33
8 9 34 35
8 9 36 37
8 9 38 39
8 9 40 41
8 9 42 43
8 9 44 45
8 9 46 47
8 9 48 49
8 9 50 51
10 11 0 4
10 11 1 5
10 11 2 3
10 11 6 7
10 11 8 9
10 11 12 13
10 11 14 15
10 11 16 17
10 11 18 19
10 11 20 21
10 11 22 23
10 11 24 25
10 11 26 27
10 11 28 29
10 11 30 31
10 11 32 33
10 11 34 35
10 11 36 37
10 11 38 39
10 11 40 41
10 11 42 43
10 11 44 45
10 11 46 47
10 11 48 49
10 11 50 51
12 13 0 4
12 13 1 5
12 13 2 3
12 13 6 7
12 13 8 9
12 13 10 11
12 13 14 15
12 13 16 17
12 13 18 19
12 13 20 21
12 13 22 23
12 13 24 25
12 13 26 27
12 13 28 29
12 13 30 31
12 13 32 33
12 13 34 35
12 13 36 37
12 13 38 39
12 13 40 41
12 13 42 43
12 13 44 45
12 13 46 47
12 13 48 49
12 13 50 51
14 15 0 4
14 15 1 5
14 15 2 3
14 15 6 7
14 15 8 9
14 15 10 11
14 15 12 13
14 15 16 17
14 15 18 19
14 15 20 21
14 15 22 23
14 15 24 25
14 15 26 27
14 15 28 29
14 15 30 31
14 15 32 33
14 15 34 35
14 15 36 37
14 15 38 39
14 15 40 41
14 15 42 43
14 15 44 45
14 15 46 47
14 15 48 49
14 15 50 51
16 17 0 4
16 17 1 5
16 17 2 3
16 17 6 7
16 17 8 9
16 17 10 11
16 17 12 13
16 17 14 15
16 17 18 19
16 17 20 21
16 17 22 23
16 17 24 25
16 17 26 27
16 17 28 29
16 17 30 31
16 17 32 33
16 17 34 35
16 17 36 37
16 17 38 39
16 17 40 41
16 17 42 43
16 17 44 45
16 17 46 47
16 17 48 49
16 17 50 51
18 19 0 4
18 19 1 5
18 19 2 3
18 19 6 7
18 19 8 9
18 19 10 11
18 19 12 13
18 19 14 15
18 19 16 17
18 19 20 21
18 19 22 23
18 19 24 25
18 19 26 27
18 19 28 29
18 19 30 31
18 19 32 33
18 19 34 35
18 19 36 37
18 19 38 39
18 19 40 41
18 19 42 43
18 19 44 45
18 19 46 47
18 19 48 49
18 19 50 51
20 21 0 4
20 21 1 5
20 21 2 3
20 21 6 7
20 21 8 9
20 21 10 11
20 21 12 13
20 21 14 15
20 21 16 17
20 21 18 19
20 21 22 23
20 21 24 25
20 21 26 27
20 21 28 29
20 21 30 31
20 21 32 33
20 21 34 35
20 21 36 37
20 21 38 39
20 21 40 41
20 21 42 43
20 21 44 45
20 21 46 47
20 21 48 49
20 21 50 51
22 23 0 4
22 23 1 5
22 23 2 3
22 23 6 7
22 23 8 9
22 23 10 11
22 23 12 13
22 23 14 15
22 23 16 17
22 23 18 19
22 23 20 21
22 23 24 25
22 23 26 27
22 23 28 29
22 23 30 31
22 23 32 33
22 23 34 35
22 23 36 37
22 23 38 39
22 23 40 41
22 23 42 43
22 23 44 45
22 23 46 47
22 23 48 49
22 23 50 51
24 25 0 4
24 25 1 5
24 25 2 3
24 25 6 7
24 25 8 9
24 25 10 11
24 25 12 13
24 25 14 15
24 25 16 17
24 25 18 19
24 25 20 21
24 25 22 23
24 25 26 27
24 25 28 29
24 25 30 31
24 25 32 33
24 25 34 35
24 25 36 37
24 25 38 39
24 25 40 41
24 25 42 43
24 25 44 45
24 25 46 47
24 25 48 49
24 25 50 51
26 27 0 4
26 27 1 5
26 27 2 3
26 27 6 7
26 27 8 9
26 27 10 11
26 27 12 13
26 27 14 15
26 27 16 17
26 27 18 19
26 27 20 21
26 27 22 23
26 27 24 25
26 27 28 29
26 27 30 31
26 27 32 33
26 27 34 35
26 27 36 37
26 27 38 39
26 27 40 41
26 27 42 43
26 27 44 45
26 27 46 47
26 27 48 49
26 27 50 51
28 29 0 4
28 29 1 5
28 29 2 3
28 29 6 7
28 29 8 9
28 29 10 11
28 29 12 13
28 29 14 15
28 29 16 17
28 29 18 19
28 29 20 21
28 29 22 23
28 29 24 25
28 29 26 27
28 29 30 31
28 29 32 33
28 29 34 35
28 29 36 37
28 29 38 39
28 29 40 41
28 29 42 43
28 29 44 45
28 29 46 47
28 29 48 49
28 29 50 51
30 31 0 4
30 31 1 5
30 31 2 3
30 31 6 7
30 31 8 9
30 31 10 11
30 31 12 13
30 31 14 15
30 31 16 17
30 31 18 19
30 31 20 21
30 31 22 23
30 31 24 25
30 31 26 27
30 31 28 29
30 31 32 33
30 31 34 35
30 31 36 37
30 31 38 39
30 31 40 41
30 31 42 43
30 31 44 45
30 31 46 47
30 31 48 49
30 31 50 51
32 33 0 4
32 33 1 5
32 33 2 3
32 33 6 7
32 33 8 9
32 33 10 11
32 33 12 13
32 33 14 15
32 33 16 17
32 33 18 19
32 33 20 21
32 33 22 23
32 33 24 25
32 33 26 27
32 33 28 29
32 33 30 31
32 33 34 35
32 33 36 37
32 33 38 39
32 33 40 41
32 33 42 43
32 33 44 45
32 33 46 47
32 33 48 49
32 33 50 51
34 35 0 4
34 35 1 5
34 35 2 3
34 35 6 7
34 35 8 9
34 35 10 11
34 35 12 13
34 35 14 15
34 35 16 17
34 35 18 19
34 35 20 21
34 35 22 23
34 35 24 25
34 35 26 27
34 35 28 29
34 35 30 31
34 35 32 33
34 35 36 37
34 35 38 39
34 35 40 41
34 35 42 43
34 35 44 45
34 35 46 47
34 35 48 49
34 35 50 51
36 37 0 4
36 37 1 5
36 37 2 3
36 37 6 7
36 37 8 9
36 37 10 11
36 37 12 13
36 37 14 15
36 37 16 17
36 37 18 19
36 37 20 21
36 37 22 23
36 37 24 25
36 37 26 27
36 37 28 29
36 37 30 31
36 37 32 33
36 37 34 35
36 37 38 39
36 37 40 41
36 37 42 43
36 37 44 45
36 37 46 47
36 37 48 49
36 37 50 51
38 39 0 4
38 39 1 5
38 39 2 3
38 39 6 7
38 39 8 9
38 39 10 11
38 39 12 13
38 39 14 15
38 39 16 17
38 39 18 19
38 39 20 21
38 39 22 23
38 39 24 25
38 39 26 27
38 39 28 29
38 39 30 31
38 39 32 33
38 39 34 35
38 39 36 37
38 39 40 41
38 39 42 43
38 39 44 45
38 39 46 47
38 39 48 49
38 39 50 51
40 41 0 4
40 41 1 5
40 41 2 3
40 41 6 7
40 41 8 9
40 41 10 11
40 41 12 13
40 41 14 15
40 41 16 17
40 41 18 19
40 41 20 21
40 41 22 23
40 41 24 25
40 41 26 27
40 41 28 29
40 41 30 31
40 41 32 33
40 41 34 35
40 41 36 37
40 41 38 39
40 41 42 43
40 41 44 45
40 41 46 47
40 41 48 49
40 41 50 51
42 43 0 4
42 43 1 5
42 43 2 3
42 43 6 7
42 43 8 9
42 43 10 11
42 43 12 13
42 43 14 15
42 43 16 17
42 43 18 19
42 43 20 21
42 43 22 23
42 43 24 25
42 43 26 27
42 43 28 29
42 43 30 31
42 43 32 33
42 43 34 35
42 43 36 37
42 43 38 39
42 43 40 41
42 43 44 45
42 43 46 47
42 43 48 49
42 43 50 51
44 45 0 4
44 45 1 5
44 45 2 3
44 45 6 7
44 45 8 9
44 45 10 11
44 45 12 13
44 45 14 15
44 45 16 17
44 45 18 19
44 45 20 21
44 45 22 23
44 45 24 25
44 45 26 27
44 45 28 29
44 45 30 31
44 45 32 33
44 45 34 35
44 45 36 37
44 45 38 39
44 45 40 41
44 45 42 43
44 45 46 47
44 45 48 49
44 45 50 51
46 47 0 4
46 47 1 5
46 47 2 3
46 47 6 7
46 47 8 9
46 47 10 11
46 47 12 13
46 47 14 15
46 47 16 17
46 47 18 19
46 47 20 21
46 47 22 23
46 47 24 25
46 47 26 27
46 47 28 29
46 47 30 31
46 47 32 33
46 47 34 35
46 47 36 37
46 47 38 39
46 47 40 41
46 47 42 43
46 47 44 45
46 47 48 49
46 47 50 51
48 49 0 4
48 49 1 5
48 49 2 3
48 49 6 7
48 49 8 9
48 49 10 11
48 49 12 13
48 49 14 15
48 49 16 17
48 49 18 19
48 49 20 21
48 49 22 23
48 49 24 25
48 49 26 27
48 49 28 29
48 49 30 31
48 49 32 33
48 49 34 35
48 49 36 37
48 49 38 39
48 49 40 41
48 49 42 43
48 49 44 45
48 49 46 47
48 49 50 51
50 51 0 4
50 51 1 5
50 51 2 3
50 51 6 7
50 51 8 9
50 51 10 11
50 51 12 13
50 51 14 15
50 51 16 17
50 51 18 19
50 51 20 21
50 51 22 23
50 51 24 25
50 51 26 27
50 51 28 29
50 51 30 31
50 51 32 33
50 51 34 35
50 51 36 37
50 51 38 39
50 51 40 41
50 51 42 43
50 51 44 45
50 51 46 47
50 51 48 49
1